<?xml version="1.0" encoding="UTF-8"?>
<testsuite xmlns:xsi="http://www.w3.org/2001/XMLSchema-instance" xsi:noNamespaceSchemaLocation="https://maven.apache.org/surefire/maven-surefire-plugin/xsd/surefire-test-report.xsd" name="com.syscomz.springbootfullstackprofessional.SpringBootFullStackProfessionalApplicationTests" time="4.107" tests="1" errors="0" skipped="0" failures="1">
  <properties>
[...]
</properties>
  <testcase name="contextLoads" classname="com.syscomz.springbootfullstackprofessional.SpringBootFullStackProfessionalApplicationTests" time="0.122">
    <failure message="expected: &lt;true&gt; but was: &lt;false&gt;" type="org.opentest4j.AssertionFailedError"><![CDATA[org.opentest4j.AssertionFailedError: expected: <true> but was: <false>
	at com.syscomz.springbootfullstackprofessional.SpringBootFullStackProfessionalApplicationTests.contextLoads(SpringBootFullStackProfessionalApplicationTests.java:12)
]]></failure>
    <system-out><![CDATA[02:00:36.895 [main] DEBUG org.springframework.test.context.BootstrapUtils - Instantiating CacheAwareContextLoaderDelegate from class [org.springframework.test.context.cache.DefaultCacheAwareContextLoaderDelegate]
02:00:36.906 [main] DEBUG org.springframework.test.context.BootstrapUtils - Instantiating BootstrapContext using constructor [public org.springframework.test.context.support.DefaultBootstrapContext(java.lang.Class,org.springframework.test.context.CacheAwareContextLoaderDelegate)]
02:00:36.936 [main] DEBUG org.springframework.test.context.BootstrapUtils - Instantiating TestContextBootstrapper for test class [com.syscomz.springbootfullstackprofessional.SpringBootFullStackProfessionalApplicationTests] from class [org.springframework.boot.test.context.SpringBootTestContextBootstrapper]
02:00:36.949 [main] INFO org.springframework.boot.test.context.SpringBootTestContextBootstrapper - Neither @ContextConfiguration nor @ContextHierarchy found for test class [com.syscomz.springbootfullstackprofessional.SpringBootFullStackProfessionalApplicationTests], using SpringBootContextLoader
02:00:36.952 [main] DEBUG org.springframework.test.context.support.AbstractContextLoader - Did not detect default resource location for test class [com.syscomz.springbootfullstackprofessional.SpringBootFullStackProfessionalApplicationTests]: class path resource [com/syscomz/springbootfullstackprofessional/SpringBootFullStackProfessionalApplicationTests-context.xml] does not exist
02:00:36.953 [main] DEBUG org.springframework.test.context.support.AbstractContextLoader - Did not detect default resource location for test class [com.syscomz.springbootfullstackprofessional.SpringBootFullStackProfessionalApplicationTests]: class path resource [com/syscomz/springbootfullstackprofessional/SpringBootFullStackProfessionalApplicationTestsContext.groovy] does not exist
02:00:36.953 [main] INFO org.springframework.test.context.support.AbstractContextLoader - Could not detect default resource locations for test class [com.syscomz.springbootfullstackprofessional.SpringBootFullStackProfessionalApplicationTests]: no resource found for suffixes {-context.xml, Context.groovy}.
02:00:36.954 [main] INFO org.springframework.test.context.support.AnnotationConfigContextLoaderUtils - Could not detect default configuration classes for test class [com.syscomz.springbootfullstackprofessional.SpringBootFullStackProfessionalApplicationTests]: SpringBootFullStackProfessionalApplicationTests does not declare any static, non-private, non-final, nested classes annotated with @Configuration.
02:00:36.993 [main] DEBUG org.springframework.test.context.support.ActiveProfilesUtils - Could not find an 'annotation declaring class' for annotation type [org.springframework.test.context.ActiveProfiles] and class [com.syscomz.springbootfullstackprofessional.SpringBootFullStackProfessionalApplicationTests]
02:00:37.079 [main] DEBUG org.springframework.context.annotation.ClassPathScanningCandidateComponentProvider - Identified candidate component class: file [/home/dostumski/Programming/spring-boot-full-stack-professional/target/classes/com/syscomz/springbootfullstackprofessional/SpringBootFullStackProfessionalApplication.class]
02:00:37.080 [main] INFO org.springframework.boot.test.context.SpringBootTestContextBootstrapper - Found @SpringBootConfiguration com.syscomz.springbootfullstackprofessional.SpringBootFullStackProfessionalApplication for test class com.syscomz.springbootfullstackprofessional.SpringBootFullStackProfessionalApplicationTests
02:00:37.165 [main] DEBUG org.springframework.boot.test.context.SpringBootTestContextBootstrapper - @TestExecutionListeners is not present for class [com.syscomz.springbootfullstackprofessional.SpringBootFullStackProfessionalApplicationTests]: using defaults.
02:00:37.166 [main] INFO org.springframework.boot.test.context.SpringBootTestContextBootstrapper - Loaded default TestExecutionListener class names from location [META-INF/spring.factories]: [org.springframework.boot.test.mock.mockito.MockitoTestExecutionListener, org.springframework.boot.test.mock.mockito.ResetMocksTestExecutionListener, org.springframework.boot.test.autoconfigure.restdocs.RestDocsTestExecutionListener, org.springframework.boot.test.autoconfigure.web.client.MockRestServiceServerResetTestExecutionListener, org.springframework.boot.test.autoconfigure.web.servlet.MockMvcPrintOnlyOnFailureTestExecutionListener, org.springframework.boot.test.autoconfigure.web.servlet.WebDriverTestExecutionListener, org.springframework.boot.test.autoconfigure.webservices.client.MockWebServiceServerTestExecutionListener, org.springframework.test.context.web.ServletTestExecutionListener, org.springframework.test.context.support.DirtiesContextBeforeModesTestExecutionListener, org.springframework.test.context.event.ApplicationEventsTestExecutionListener, org.springframework.test.context.support.DependencyInjectionTestExecutionListener, org.springframework.test.context.support.DirtiesContextTestExecutionListener, org.springframework.test.context.transaction.TransactionalTestExecutionListener, org.springframework.test.context.jdbc.SqlScriptsTestExecutionListener, org.springframework.test.context.event.EventPublishingTestExecutionListener]
02:00:37.179 [main] INFO org.springframework.boot.test.context.SpringBootTestContextBootstrapper - Using TestExecutionListeners: [org.springframework.test.context.web.ServletTestExecutionListener@708400f6, org.springframework.test.context.support.DirtiesContextBeforeModesTestExecutionListener@5829e4f4, org.springframework.test.context.event.ApplicationEventsTestExecutionListener@4218500f, org.springframework.boot.test.mock.mockito.MockitoTestExecutionListener@4bff64c2, org.springframework.boot.test.autoconfigure.SpringBootDependencyInjectionTestExecutionListener@1b2c4efb, org.springframework.test.context.support.DirtiesContextTestExecutionListener@c35172e, org.springframework.test.context.transaction.TransactionalTestExecutionListener@c2db68f, org.springframework.test.context.jdbc.SqlScriptsTestExecutionListener@3cc41abc, org.springframework.test.context.event.EventPublishingTestExecutionListener@4566d049, org.springframework.boot.test.mock.mockito.ResetMocksTestExecutionListener@61ce23ac, org.springframework.boot.test.autoconfigure.restdocs.RestDocsTestExecutionListener@3668d4, org.springframework.boot.test.autoconfigure.web.client.MockRestServiceServerResetTestExecutionListener@1c3b9394, org.springframework.boot.test.autoconfigure.web.servlet.MockMvcPrintOnlyOnFailureTestExecutionListener@6f2cfcc2, org.springframework.boot.test.autoconfigure.web.servlet.WebDriverTestExecutionListener@7f6f61c8, org.springframework.boot.test.autoconfigure.webservices.client.MockWebServiceServerTestExecutionListener@4c2cc639]
02:00:37.181 [main] DEBUG org.springframework.test.context.support.AbstractDirtiesContextTestExecutionListener - Before test class: context [DefaultTestContext@555cf22 testClass = SpringBootFullStackProfessionalApplicationTests, testInstance = [null], testMethod = [null], testException = [null], mergedContextConfiguration = [WebMergedContextConfiguration@6bb2d00b testClass = SpringBootFullStackProfessionalApplicationTests, locations = '{}', classes = '{class com.syscomz.springbootfullstackprofessional.SpringBootFullStackProfessionalApplication}', contextInitializerClasses = '[]', activeProfiles = '{}', propertySourceLocations = '{}', propertySourceProperties = '{org.springframework.boot.test.context.SpringBootTestContextBootstrapper=true}', contextCustomizers = set[org.springframework.boot.test.context.filter.ExcludeFilterContextCustomizer@79defdc, org.springframework.boot.test.json.DuplicateJsonObjectContextCustomizerFactory$DuplicateJsonObjectContextCustomizer@5852c06f, org.springframework.boot.test.mock.mockito.MockitoContextCustomizer@0, org.springframework.boot.test.web.client.TestRestTemplateContextCustomizer@4c5ae43b, org.springframework.boot.test.autoconfigure.actuate.metrics.MetricsExportContextCustomizerFactory$DisableMetricExportContextCustomizer@70e38ce1, org.springframework.boot.test.autoconfigure.properties.PropertyMappingContextCustomizer@0, org.springframework.boot.test.autoconfigure.web.servlet.WebDriverContextCustomizerFactory$Customizer@a1f72f5, org.springframework.boot.test.context.SpringBootTestArgs@1, org.springframework.boot.test.context.SpringBootTestWebEnvironment@78aab498], resourceBasePath = 'src/main/webapp', contextLoader = 'org.springframework.boot.test.context.SpringBootContextLoader', parent = [null]], attributes = map['org.springframework.test.context.web.ServletTestExecutionListener.activateListener' -> true]], class annotated with @DirtiesContext [false] with mode [null].

  .   ____          _            __ _ _
 /\\ / ___'_ __ _ _(_)_ __  __ _ \ \ \ \
( ( )\___ | '_ | '_| | '_ \/ _` | \ \ \ \
 \\/  ___)| |_)| | | | | || (_| |  ) ) ) )
  '  |____| .__|_| |_|_| |_\__, | / / / /
 =========|_|==============|___/=/_/_/_/
 :: Spring Boot ::                (v2.7.6)

2022-12-11 02:00:37.496  INFO 31753 --- [           main] ootFullStackProfessionalApplicationTests : Starting SpringBootFullStackProfessionalApplicationTests using Java 11.0.17 on syscomz with PID 31753 (started by dostumski in /home/dostumski/Programming/spring-boot-full-stack-professional)
2022-12-11 02:00:37.497  INFO 31753 --- [           main] ootFullStackProfessionalApplicationTests : No active profile set, falling back to 1 default profile: "default"
2022-12-11 02:00:38.092  INFO 31753 --- [           main] .s.d.r.c.RepositoryConfigurationDelegate : Bootstrapping Spring Data JPA repositories in DEFAULT mode.
2022-12-11 02:00:38.135  INFO 31753 --- [           main] .s.d.r.c.RepositoryConfigurationDelegate : Finished Spring Data repository scanning in 35 ms. Found 1 JPA repository interfaces.
2022-12-11 02:00:38.613  INFO 31753 --- [           main] o.hibernate.jpa.internal.util.LogHelper  : HHH000204: Processing PersistenceUnitInfo [name: default]
2022-12-11 02:00:38.658  INFO 31753 --- [           main] org.hibernate.Version                    : HHH000412: Hibernate ORM core version 5.6.14.Final
2022-12-11 02:00:38.794  INFO 31753 --- [           main] o.hibernate.annotations.common.Version   : HCANN000001: Hibernate Commons Annotations {5.1.2.Final}
2022-12-11 02:00:38.924  INFO 31753 --- [           main] com.zaxxer.hikari.HikariDataSource       : HikariPool-1 - Starting...
2022-12-11 02:00:39.107  INFO 31753 --- [           main] com.zaxxer.hikari.HikariDataSource       : HikariPool-1 - Start completed.
2022-12-11 02:00:39.127  INFO 31753 --- [           main] org.hibernate.dialect.Dialect            : HHH000400: Using dialect: org.hibernate.dialect.PostgreSQLDialect
2022-12-11 02:00:39.732  INFO 31753 --- [           main] o.h.e.t.j.p.i.JtaPlatformInitiator       : HHH000490: Using JtaPlatform implementation: [org.hibernate.engine.transaction.jta.platform.internal.NoJtaPlatform]
2022-12-11 02:00:39.740  INFO 31753 --- [           main] j.LocalContainerEntityManagerFactoryBean : Initialized JPA EntityManagerFactory for persistence unit 'default'
2022-12-11 02:00:40.337  WARN 31753 --- [           main] JpaBaseConfiguration$JpaWebConfiguration : spring.jpa.open-in-view is enabled by default. Therefore, database queries may be performed during view rendering. Explicitly configure spring.jpa.open-in-view to disable this warning
2022-12-11 02:00:40.549  INFO 31753 --- [           main] o.s.b.a.w.s.WelcomePageHandlerMapping    : Adding welcome page: class path resource [static/index.html]
2022-12-11 02:00:40.778  INFO 31753 --- [           main] ootFullStackProfessionalApplicationTests : Started SpringBootFullStackProfessionalApplicationTests in 3.539 seconds (JVM running for 4.493)
]]></system-out>
  </testcase>
</testsuite>